<?xml version="1.0" encoding="UTF-8"?>
<Site BuildName="Linux-g++-11"
	BuildStamp="20241114-1457-Experimental"
	Name="carolina-Yoga-7-14ITL5"
	Generator="ctest-3.28.3"
	CompilerName="/usr/bin/g++-11"
	CompilerVersion="11.4.0"
	OSName="Linux"
	Hostname="carolina-Yoga-7-14ITL5"
	OSRelease="6.8.0-48-generic"
	OSVersion="#48-Ubuntu SMP PREEMPT_DYNAMIC Fri Sep 27 14:04:52 UTC 2024"
	OSPlatform="x86_64"
	Is64Bits="1"
	VendorString="GenuineIntel"
	VendorID="Intel Corporation"
	FamilyID="6"
	ModelID="140"
	ProcessorCacheSize="12288"
	NumberOfLogicalCPU="8"
	NumberOfPhysicalCPU="4"
	TotalVirtualMemory="4095"
	TotalPhysicalMemory="15790"
	LogicalProcessorsPerPhysical="2"
	ProcessorClockFrequency="1280.15"
	>
	<Testing>
		<StartDateTime>Nov 14 14:57 WET</StartDateTime>
		<StartTestTime>1731596223</StartTestTime>
		<TestList/>
		<EndDateTime>Nov 14 14:57 WET</EndDateTime>
		<EndTestTime>1731596223</EndTestTime>
		<ElapsedMinutes>0</ElapsedMinutes>
	</Testing>
</Site>
